$ python src/reproduce.py
13:53:15 [Orchestrator] INFO ╔══════════════════════════════════════════════════════════════════╗
13:53:15 [Orchestrator] INFO ║  Speech SDK CRL Partition Caching Conflict — Reproduction Tool  ║
13:53:15 [Orchestrator] INFO ╚══════════════════════════════════════════════════════════════════╝
13:53:15 [Orchestrator] INFO 
13:53:15 [Orchestrator] INFO Mode: Raw TLS
13:53:15 [Orchestrator] INFO Speech port: 8443
13:53:15 [Orchestrator] INFO CRL port: 9000
13:53:15 [Orchestrator] INFO 
13:53:15 [Orchestrator] INFO 
13:53:15 [Orchestrator] INFO ######################################################################
13:53:15 [Orchestrator] INFO # PHASE 0: Precondition Check
13:53:15 [Orchestrator] INFO ######################################################################
13:53:15 [Orchestrator] INFO 
13:53:15 [Orchestrator] INFO All PKI artifacts present ✓
13:53:15 [Orchestrator] INFO Cleared CRL cache: /home/qiushuo/src/test-speech-sdk-crl-partition/tmp_crl_cache
13:53:15 [Orchestrator] INFO 
13:53:15 [Orchestrator] INFO ######################################################################
13:53:15 [Orchestrator] INFO # PHASE 1: Start Servers (partition1)
13:53:15 [Orchestrator] INFO ######################################################################
13:53:15 [Orchestrator] INFO 
13:53:15 [Orchestrator] INFO CRL server starting (PID 173298)...
13:53:15 [Orchestrator] INFO CRL server ready on port 9000
13:53:15 [Orchestrator] INFO Speech server starting (PID 173300, partition1)...
13:53:16 [Orchestrator] INFO Speech server ready on port 8443 (partition1)
13:53:17 [Orchestrator] INFO 
13:53:17 [Orchestrator] INFO ######################################################################
13:53:17 [Orchestrator] INFO # PHASE 2: Initial Connection (partition1 cert + CRL)
13:53:17 [Orchestrator] INFO ######################################################################
13:53:17 [Orchestrator] INFO 
13:53:17 [Orchestrator] INFO Client connects to server with partition1 certificate.
13:53:17 [Orchestrator] INFO Expected: CRL fetched from http://localhost:9000/crl/partition1.crl
13:53:17 [Orchestrator] INFO 
13:53:17 [Orchestrator] INFO === Scenario: Basic TLS connection (no CRL check) ===
13:53:17 [Orchestrator] INFO   ✓ TLS connected: TLSv1.3 / TLS_AES_256_GCM_SHA384
13:53:17 [Orchestrator] INFO     Cert subject: {'countryName': 'US', 'organizationName': 'Speech SDK CRL Test', 'commonName': 'localhost'}
13:53:17 [Orchestrator] INFO     Cert serial:  1000
13:53:17 [Orchestrator] INFO     CDP: ('http://localhost:9000/crl/partition1.crl',)
13:53:17 [Orchestrator] INFO CRL server requests so far: 0
13:53:17 [Orchestrator] INFO 
13:53:17 [Orchestrator] INFO ######################################################################
13:53:17 [Orchestrator] INFO # PHASE 3: Certificate Rotation (partition1 → partition2)
13:53:17 [Orchestrator] INFO ######################################################################
13:53:17 [Orchestrator] INFO 
13:53:17 [Orchestrator] INFO Simulating Azure certificate rotation.
13:53:17 [Orchestrator] INFO New cert has CDP: http://localhost:9000/crl/partition2.crl
13:53:17 [Orchestrator] INFO 
13:53:18 [Orchestrator] INFO Speech server starting (PID 173303, partition2)...
13:53:18 [Orchestrator] INFO Speech server ready on port 8443 (partition2)
13:53:19 [Orchestrator] INFO Server restarted with partition2 certificate ✓
13:53:19 [Orchestrator] INFO 
13:53:19 [Orchestrator] INFO ######################################################################
13:53:19 [Orchestrator] INFO # PHASE 4: Decommission Old Partition
13:53:19 [Orchestrator] INFO ######################################################################
13:53:19 [Orchestrator] INFO 
13:53:19 [Orchestrator] INFO Blocking partition1 CRL (simulates old CDN partition removed).
13:53:19 [Orchestrator] INFO Now: GET /crl/partition1.crl → 404
13:53:19 [Orchestrator] INFO      GET /crl/partition2.crl → 200
13:53:19 [Orchestrator] INFO 
13:53:19 [Orchestrator] WARNING Blocked CRL partition1 → will return 404
13:53:19 [Orchestrator] INFO 
13:53:19 [Orchestrator] INFO ######################################################################
13:53:19 [Orchestrator] INFO # PHASE 5: Client Reconnects (CRL Partition Conflict)
13:53:19 [Orchestrator] INFO ######################################################################
13:53:19 [Orchestrator] INFO 
13:53:19 [Orchestrator] INFO Client reconnects to server (now serving partition2 cert).
13:53:19 [Orchestrator] INFO SDK will try to validate cert → needs CRL from partition2.
13:53:19 [Orchestrator] INFO If SDK has stale partition1 CRL cached → potential conflict!
13:53:19 [Orchestrator] INFO 
13:53:19 [Orchestrator] INFO === Scenario: Stale CRL cache conflict ===
13:53:19 [Orchestrator] INFO   Server should be running with partition2 cert
13:53:19 [Orchestrator] INFO   Client has partition1 CRL cached
13:53:19 [Orchestrator] INFO 
13:53:19 [Orchestrator] INFO CRL verification enabled with: /home/qiushuo/src/test-speech-sdk-crl-partition/certs/partition1.crl
13:53:19 [Orchestrator] ERROR   ✗ Certificate verification failed!
13:53:19 [Orchestrator] ERROR     Code: 3
13:53:19 [Orchestrator] ERROR     Message: unable to get certificate CRL
13:53:19 [Orchestrator] ERROR     Details: [SSL: CERTIFICATE_VERIFY_FAILED] certificate verify failed: unable to get certificate CRL (_ssl.c:1000)
13:53:19 [Orchestrator] INFO 
13:53:19 [Orchestrator] INFO *** CRL PARTITION CONFLICT REPRODUCED ***
13:53:19 [Orchestrator] INFO The stale CRL (partition1) cannot validate the new cert (partition2).
13:53:19 [Orchestrator] INFO This is the exact issue Speech SDK 1.40 experiences when:
13:53:19 [Orchestrator] INFO   1. CRL from old partition is cached in TMPDIR
13:53:19 [Orchestrator] INFO   2. Speech Service rotates to cert with new CDP
13:53:19 [Orchestrator] INFO   3. SDK uses cached CRL → validation fails
13:53:20 [Orchestrator] INFO CRL server total requests: 0
13:53:20 [Orchestrator] INFO Blocked partitions: [1]
13:53:20 [Orchestrator] INFO 
13:53:20 [Orchestrator] INFO ######################################################################
13:53:20 [Orchestrator] INFO # PHASE 6: Recovery (CRL Check Bypass)
13:53:20 [Orchestrator] INFO ######################################################################
13:53:20 [Orchestrator] INFO 
13:53:20 [Orchestrator] INFO Testing recovery: disable CRL check to restore connectivity.
13:53:20 [Orchestrator] INFO SDK property: OPENSSL_CONTINUE_ON_CRL_DOWNLOAD_FAILURE=true
13:53:20 [Orchestrator] INFO 
13:53:20 [Orchestrator] INFO === Scenario: Recovery with CRL bypass ===
13:53:20 [Orchestrator] INFO   ✓ TLS connected: TLSv1.3 / TLS_AES_256_GCM_SHA384
13:53:20 [Orchestrator] INFO     Cert subject: {'countryName': 'US', 'organizationName': 'Speech SDK CRL Test', 'commonName': 'localhost'}
13:53:20 [Orchestrator] INFO     Cert serial:  1001
13:53:20 [Orchestrator] INFO     CDP: ('http://localhost:9000/crl/partition2.crl',)
13:53:20 [Orchestrator] INFO   → Connection recovered by disabling CRL check
13:53:20 [Orchestrator] INFO 
13:53:20 [Orchestrator] INFO ######################################################################
13:53:20 [Orchestrator] INFO # SUMMARY
13:53:20 [Orchestrator] INFO ######################################################################
13:53:20 [Orchestrator] INFO 
13:53:20 [Orchestrator] INFO Scenario Results:
13:53:20 [Orchestrator] INFO   Step 1 (initial connect):   connected
13:53:20 [Orchestrator] INFO   Step 4 (after rotation):    cert_verification_error
13:53:20 [Orchestrator] INFO   Step 5 (CRL bypass):        connected
13:53:20 [Orchestrator] INFO 
13:53:20 [Orchestrator] INFO ✓ CRL PARTITION CONFLICT REPRODUCED!
13:53:20 [Orchestrator] INFO   The stale CRL cache caused a connection failure after rotation.
13:53:20 [Orchestrator] INFO 
13:53:20 [Orchestrator] INFO CRL Server Stats:
13:53:20 [Orchestrator] INFO   Total requests: 0
13:53:20 [Orchestrator] INFO   Blocked: [1]
13:53:20 [Orchestrator] INFO 
Cleaning up processes...
13:53:20 [Orchestrator] INFO Done.
