$ python --version
Python 3.12.3
$ openssl version
OpenSSL 3.0.13 30 Jan 2024 (Library: OpenSSL 3.0.13 30 Jan 2024)
$ pip freeze
azure-cognitiveservices-speech==1.40.0
cffi==2.0.0
cryptography==48.0.0
pycparser==3.0
websockets==16.0
$ bash scripts/setup_all.sh
==========================================
 Speech SDK CRL Partition Test — Full Setup
==========================================

=== Setting up CA in /home/qiushuo/src/test-speech-sdk-crl-partition/scripts/../certs ===
[OK] CA private key generated
[OK] CA certificate generated

=== CA Setup Complete ===
  CA cert: /home/qiushuo/src/test-speech-sdk-crl-partition/scripts/../certs/ca-cert.pem
  CA key:  /home/qiushuo/src/test-speech-sdk-crl-partition/scripts/../certs/ca-key.pem
  Config:  /home/qiushuo/src/test-speech-sdk-crl-partition/scripts/../certs/openssl.cnf

=== Issuing server certificate for partition 1 ===
[OK] Server key: /home/qiushuo/src/test-speech-sdk-crl-partition/scripts/../certs/server-part1-key.pem
[OK] CSR generated
Using configuration from /home/qiushuo/src/test-speech-sdk-crl-partition/scripts/../certs/openssl.cnf
Check that the request matches the signature
Signature ok
The Subject's Distinguished Name is as follows
commonName            :ASN.1 12:'localhost'
organizationName      :ASN.1 12:'Speech SDK CRL Test'
countryName           :PRINTABLE:'US'
Certificate is to be certified until May 19 05:53:15 2027 GMT (365 days)

Write out database with 1 new entries
Database updated
[OK] Certificate signed: /home/qiushuo/src/test-speech-sdk-crl-partition/scripts/../certs/server-part1-cert.pem

--- Certificate CRL Distribution Points ---
            X509v3 CRL Distribution Points: 
                Full Name:
                  URI:http://localhost:9000/crl/partition1.crl

=== Done: partition1 cert ready ===

=== Issuing server certificate for partition 2 ===
[OK] Server key: /home/qiushuo/src/test-speech-sdk-crl-partition/scripts/../certs/server-part2-key.pem
[OK] CSR generated
Using configuration from /home/qiushuo/src/test-speech-sdk-crl-partition/scripts/../certs/openssl.cnf
Check that the request matches the signature
Signature ok
The Subject's Distinguished Name is as follows
commonName            :ASN.1 12:'localhost'
organizationName      :ASN.1 12:'Speech SDK CRL Test'
countryName           :PRINTABLE:'US'
Certificate is to be certified until May 19 05:53:15 2027 GMT (365 days)

Write out database with 1 new entries
Database updated
[OK] Certificate signed: /home/qiushuo/src/test-speech-sdk-crl-partition/scripts/../certs/server-part2-cert.pem

--- Certificate CRL Distribution Points ---
            X509v3 CRL Distribution Points: 
                Full Name:
                  URI:http://localhost:9000/crl/partition2.crl

=== Done: partition2 cert ready ===

=== Generating CRL files ===
Using configuration from /home/qiushuo/src/test-speech-sdk-crl-partition/scripts/../certs/openssl.cnf
[OK] partition1.crl generated
Using configuration from /home/qiushuo/src/test-speech-sdk-crl-partition/scripts/../certs/openssl.cnf
[OK] partition2.crl generated

--- partition1.crl info ---
Certificate Revocation List (CRL):
        Version 2 (0x1)
        Signature Algorithm: sha256WithRSAEncryption
        Issuer: CN = Test CRL Partition CA, O = Speech SDK CRL Test, C = US
        Last Update: May 19 05:53:15 2026 GMT
        Next Update: Jun 18 05:53:15 2026 GMT
        CRL extensions:
            X509v3 CRL Number: 
                4096
No Revoked Certificates.
    Signature Algorithm: sha256WithRSAEncryption
    Signature Value:
        48:91:81:f1:d8:49:98:f9:a2:3d:c4:bd:98:dd:97:93:38:1b:
        70:48:28:93:b4:7b:ad:7c:d2:e1:dd:9e:15:7c:9c:c0:df:ad:
        5d:03:48:7c:59:2c:b1:e7:7e:90:d1:c6:3c:1f:a8:1e:27:51:

--- partition2.crl info ---
Certificate Revocation List (CRL):
        Version 2 (0x1)
        Signature Algorithm: sha256WithRSAEncryption
        Issuer: CN = Test CRL Partition CA, O = Speech SDK CRL Test, C = US
        Last Update: May 19 05:53:15 2026 GMT
        Next Update: Jun 18 05:53:15 2026 GMT
        CRL extensions:
            X509v3 CRL Number: 
                4097
No Revoked Certificates.
    Signature Algorithm: sha256WithRSAEncryption
    Signature Value:
        1e:bd:ce:de:38:a8:3e:f9:20:c5:af:8f:0d:3d:06:58:a8:a3:
        40:c5:79:ec:fe:1d:64:70:c0:25:f9:9f:07:80:06:97:b5:09:
        32:3e:2b:fc:20:1a:25:8d:3a:bb:ab:d9:aa:24:3a:c5:7a:a3:

=== CRL Generation Complete ===
  /home/qiushuo/src/test-speech-sdk-crl-partition/scripts/../certs/partition1.crl
  /home/qiushuo/src/test-speech-sdk-crl-partition/scripts/../certs/partition2.crl

==========================================
 All PKI artifacts generated successfully
==========================================

Next steps:
  1. pip install -r requirements.txt
  2. python src/reproduce.py
