$ python src/reproduce.py --use-sdk
13:53:20 [Orchestrator] INFO ╔══════════════════════════════════════════════════════════════════╗
13:53:20 [Orchestrator] INFO ║  Speech SDK CRL Partition Caching Conflict — Reproduction Tool  ║
13:53:20 [Orchestrator] INFO ╚══════════════════════════════════════════════════════════════════╝
13:53:20 [Orchestrator] INFO 
13:53:20 [Orchestrator] INFO Mode: Speech SDK
13:53:20 [Orchestrator] INFO Speech port: 8443
13:53:20 [Orchestrator] INFO CRL port: 9000
13:53:20 [Orchestrator] INFO 
13:53:20 [Orchestrator] INFO 
13:53:20 [Orchestrator] INFO ######################################################################
13:53:20 [Orchestrator] INFO # PHASE 0: Precondition Check
13:53:20 [Orchestrator] INFO ######################################################################
13:53:20 [Orchestrator] INFO 
13:53:20 [Orchestrator] INFO All PKI artifacts present ✓
13:53:20 [Orchestrator] INFO Cleared CRL cache: /home/qiushuo/src/test-speech-sdk-crl-partition/tmp_crl_cache
13:53:20 [Orchestrator] INFO 
13:53:20 [Orchestrator] INFO ######################################################################
13:53:20 [Orchestrator] INFO # PHASE 1: Start Servers (partition1)
13:53:20 [Orchestrator] INFO ######################################################################
13:53:20 [Orchestrator] INFO 
13:53:20 [Orchestrator] INFO CRL server starting (PID 173307)...
13:53:20 [Orchestrator] INFO CRL server ready on port 9000
13:53:20 [Orchestrator] INFO Speech server starting (PID 173308, partition1)...
13:53:20 [Orchestrator] INFO Speech server ready on port 8443 (partition1)
13:53:21 [Orchestrator] INFO 
13:53:21 [Orchestrator] INFO ######################################################################
13:53:21 [Orchestrator] INFO # PHASE 2: Initial Connection (partition1 cert + CRL)
13:53:21 [Orchestrator] INFO ######################################################################
13:53:21 [Orchestrator] INFO 
13:53:21 [Orchestrator] INFO Client connects to server with partition1 certificate.
13:53:21 [Orchestrator] INFO Expected: CRL fetched from http://localhost:9000/crl/partition1.crl
13:53:21 [Orchestrator] INFO 
13:53:21 [Orchestrator] INFO SSL_CERT_FILE = /home/qiushuo/src/test-speech-sdk-crl-partition/certs/ca-cert.pem
13:53:21 [Orchestrator] INFO TMPDIR = /home/qiushuo/src/test-speech-sdk-crl-partition/tmp_crl_cache (CRL cache location)
13:53:21 [Orchestrator] INFO Cache contents before connection: []
13:53:22 [Orchestrator] INFO Speech SDK version: 1.40.0
13:53:22 [Orchestrator] INFO Connecting to: wss://localhost:8443
13:53:22 [Orchestrator] INFO Starting connection attempt...
13:53:32 [Orchestrator] ERROR   Connection timed out after 10.0s
13:53:32 [Orchestrator] INFO CRL server requests so far: 5
13:53:32 [Orchestrator] INFO 
13:53:32 [Orchestrator] INFO ######################################################################
13:53:32 [Orchestrator] INFO # PHASE 3: Certificate Rotation (partition1 → partition2)
13:53:32 [Orchestrator] INFO ######################################################################
13:53:32 [Orchestrator] INFO 
13:53:32 [Orchestrator] INFO Simulating Azure certificate rotation.
13:53:32 [Orchestrator] INFO New cert has CDP: http://localhost:9000/crl/partition2.crl
13:53:32 [Orchestrator] INFO 
13:53:33 [Orchestrator] INFO Speech server starting (PID 173317, partition2)...
13:53:33 [Orchestrator] INFO Speech server ready on port 8443 (partition2)
13:53:34 [Orchestrator] INFO Server restarted with partition2 certificate ✓
13:53:34 [Orchestrator] INFO 
13:53:34 [Orchestrator] INFO ######################################################################
13:53:34 [Orchestrator] INFO # PHASE 4: Decommission Old Partition
13:53:34 [Orchestrator] INFO ######################################################################
13:53:34 [Orchestrator] INFO 
13:53:34 [Orchestrator] INFO Blocking partition1 CRL (simulates old CDN partition removed).
13:53:34 [Orchestrator] INFO Now: GET /crl/partition1.crl → 404
13:53:34 [Orchestrator] INFO      GET /crl/partition2.crl → 200
13:53:34 [Orchestrator] INFO 
13:53:34 [Orchestrator] WARNING Blocked CRL partition1 → will return 404
13:53:34 [Orchestrator] INFO 
13:53:34 [Orchestrator] INFO ######################################################################
13:53:34 [Orchestrator] INFO # PHASE 5: Client Reconnects (CRL Partition Conflict)
13:53:34 [Orchestrator] INFO ######################################################################
13:53:34 [Orchestrator] INFO 
13:53:34 [Orchestrator] INFO Client reconnects to server (now serving partition2 cert).
13:53:34 [Orchestrator] INFO SDK will try to validate cert → needs CRL from partition2.
13:53:34 [Orchestrator] INFO If SDK has stale partition1 CRL cached → potential conflict!
13:53:34 [Orchestrator] INFO 
13:53:34 [Orchestrator] INFO SSL_CERT_FILE = /home/qiushuo/src/test-speech-sdk-crl-partition/certs/ca-cert.pem
13:53:34 [Orchestrator] INFO TMPDIR = /home/qiushuo/src/test-speech-sdk-crl-partition/tmp_crl_cache (CRL cache location)
13:53:34 [Orchestrator] INFO Cache contents before connection: []
13:53:34 [Orchestrator] INFO Speech SDK version: 1.40.0
13:53:34 [Orchestrator] INFO Connecting to: wss://localhost:8443
13:53:34 [Orchestrator] INFO Starting connection attempt...
13:53:44 [Orchestrator] ERROR   Connection timed out after 10.0s
13:53:44 [Orchestrator] INFO CRL server total requests: 10
13:53:44 [Orchestrator] INFO Blocked partitions: [1]
13:53:44 [Orchestrator] INFO 
13:53:44 [Orchestrator] INFO ######################################################################
13:53:44 [Orchestrator] INFO # PHASE 6: Recovery (CRL Check Bypass)
13:53:44 [Orchestrator] INFO ######################################################################
13:53:44 [Orchestrator] INFO 
13:53:44 [Orchestrator] INFO Testing recovery: disable CRL check to restore connectivity.
13:53:44 [Orchestrator] INFO SDK property: OPENSSL_CONTINUE_ON_CRL_DOWNLOAD_FAILURE=true
13:53:44 [Orchestrator] INFO 
13:53:44 [Orchestrator] INFO SSL_CERT_FILE = /home/qiushuo/src/test-speech-sdk-crl-partition/certs/ca-cert.pem
13:53:44 [Orchestrator] INFO TMPDIR = /home/qiushuo/src/test-speech-sdk-crl-partition/tmp_crl_cache (CRL cache location)
13:53:44 [Orchestrator] INFO Cache contents before connection: []
13:53:44 [Orchestrator] INFO Speech SDK version: 1.40.0
13:53:44 [Orchestrator] INFO Connecting to: wss://localhost:8443
13:53:44 [Orchestrator] INFO   CRL download failure: CONTINUE
13:53:44 [Orchestrator] INFO Starting connection attempt...
13:53:44 [Orchestrator] INFO   ✓ Connected! (event: ConnectionEventArgs(session_id=996c93856d234904af7fe409d6d497e1))
13:53:44 [Orchestrator] INFO   Connection successful in 0.10s
13:53:44 [Orchestrator] INFO 
13:53:44 [Orchestrator] INFO ######################################################################
13:53:44 [Orchestrator] INFO # SUMMARY
13:53:44 [Orchestrator] INFO ######################################################################
13:53:44 [Orchestrator] INFO 
13:53:44 [Orchestrator] INFO Scenario Results:
13:53:44 [Orchestrator] INFO   Step 1 (initial connect):   timeout
13:53:44 [Orchestrator] INFO   Step 4 (after rotation):    timeout
13:53:44 [Orchestrator] INFO   Step 5 (CRL bypass):        connected
13:53:44 [Orchestrator] INFO 
13:53:44 [Orchestrator] INFO ? Unexpected result: timeout
13:53:44 [Orchestrator] INFO 
13:53:44 [Orchestrator] INFO CRL Server Stats:
13:53:44 [Orchestrator] INFO   Total requests: 11
13:53:44 [Orchestrator] INFO   Blocked: [1]
13:53:44 [Orchestrator] INFO 
Cleaning up processes...
13:53:44 [Orchestrator] INFO Done.
