$ python src/repro_disable_crl.py --timeout 10
14:27:49 [Orchestrator] INFO 
14:27:49 [Orchestrator] INFO ######################################################################
14:27:49 [Orchestrator] INFO # PHASE 0: Precondition Check
14:27:49 [Orchestrator] INFO ######################################################################
14:27:49 [Orchestrator] INFO 
14:27:49 [Orchestrator] INFO All PKI artifacts present ✓
14:27:49 [Orchestrator] INFO Cleared CRL cache: /home/qiushuo/src/test-speech-sdk-crl-partition/tmp_crl_cache
14:27:49 [Orchestrator] INFO CRL server starting (PID 175229)...
14:27:49 [Orchestrator] INFO CRL server ready on port 9000
14:27:49 [Orchestrator] INFO Speech server starting (PID 175230, partition1)...
14:27:50 [Orchestrator] INFO Speech server ready on port 8443 (partition1)
14:27:51 [Orchestrator] INFO 
14:27:51 [Orchestrator] INFO ######################################################################
14:27:51 [Orchestrator] INFO # PHASE 1: SDK Initial Connection With CRL Checking Enabled
14:27:51 [Orchestrator] INFO ######################################################################
14:27:51 [Orchestrator] INFO 
14:27:51 [Orchestrator] INFO SSL_CERT_FILE = /home/qiushuo/src/test-speech-sdk-crl-partition/certs/ca-cert.pem
14:27:51 [Orchestrator] INFO TMPDIR = /home/qiushuo/src/test-speech-sdk-crl-partition/tmp_crl_cache (CRL cache location)
14:27:51 [Orchestrator] INFO Cache contents before connection: []
14:27:51 [Orchestrator] INFO Speech SDK version: 1.40.0
14:27:51 [Orchestrator] INFO Connecting to: wss://localhost:8443
14:27:51 [Orchestrator] INFO   SDK native log file: /home/qiushuo/src/test-speech-sdk-crl-partition/reports/logs/sdk-native-initial-crl-enabled.log
14:27:51 [Orchestrator] INFO Starting connection attempt...
14:28:01 [Orchestrator] ERROR   Connection timed out after 10.0s
14:28:01 [Orchestrator] INFO SDK native log: /home/qiushuo/src/test-speech-sdk-crl-partition/reports/logs/sdk-native-initial-crl-enabled.log (129397 bytes)
14:28:01 [Orchestrator] INFO SDK native log interesting lines (last 40):
14:28:01 [Orchestrator] INFO   [326252]: 852ms SPX_TRACE_ERROR: AZ_LOG_ERROR:  tlsio_openssl.c:1030 Error loading CRL from http://localhost:9000/crl/partition1.crl
14:28:01 [Orchestrator] INFO   [326252]: 852ms SPX_TRACE_ERROR: AZ_LOG_ERROR:  tlsio_openssl.c:1624 Unable to retrieve CRL, CRL check may fail.
14:28:01 [Orchestrator] INFO   [326252]: 852ms SPX_TRACE_ERROR: AZ_LOG_ERROR:  tlsio_openssl.c:691 error:10080002:BIO routines::system lib
14:28:01 [Orchestrator] INFO   [326252]: 852ms SPX_TRACE_ERROR: AZ_LOG_ERROR:  tlsio_openssl.c:2464 FORCE-Closing tlsio instance.
14:28:01 [Orchestrator] INFO   [326252]: 852ms SPX_TRACE_ERROR:  web_socket.cpp:902 WS open operation failed with result=1(WS_OPEN_ERROR_UNDERLYING_IO_OPEN_FAILED), code=2573[0x00000a0d], time=2026-05-19T06:27:52.0999232Z
14:28:01 [Orchestrator] INFO   [326252]: 852ms SPX_TRACE_INFO:  usp_connection.cpp:932 TS:12, TransportError: connection:0xc056fe0, code=5, string=Connection failed (no connection to the remote host). Internal error: 1. Error details: Failed with error: WS_OPEN_ERROR_UNDERLYING_IO_OPEN_FAILED
14:28:01 [Orchestrator] INFO   [326252]: 852ms SPX_TRACE_ERROR:  usp_reco_engine_adapter.cpp:1997 Response: On Error: Code:5, Message: Connection failed (no connection to the remote host). Internal error: 1. Error details: Failed with error: WS_OPEN_ERROR_UNDERLYING_IO_OPEN_FAILED
14:28:01 [Orchestrator] INFO   [326252]: 852ms SPX_DBG_TRACE_VERBOSE:  usp_reco_engine_adapter.cpp:3026 TryChangeState; audioState/uspState: 1/0 => 1/-1 USP-ERRORERROR
14:28:01 [Orchestrator] INFO   [326252]: 852ms SPX_TRACE_ERROR:  usp_reco_engine_adapter.cpp:2011 OnError: site->Error() ... error='Connection failed (no connection to the remote host). Internal error: 1. Error details: Failed with error: WS_OPEN_ERROR_UNDERLYING_IO_OPEN_FAILED
14:28:01 [Orchestrator] INFO   [326252]: 1103ms SPX_TRACE_INFO: AZ_LOG_INFO:  tlsio_openssl.c:2027 create_openssl_instance by TLS_method.
14:28:01 [Orchestrator] INFO   [326252]: 1103ms SPX_TRACE_INFO: AZ_LOG_INFO:  tlsio_openssl.c:1849 load_system_store not implemented on this platform
14:28:01 [Orchestrator] INFO   [326252]: 1103ms SPX_TRACE_INFO: AZ_LOG_INFO:  tlsio_openssl.c:1882 CRL check enabled.
14:28:01 [Orchestrator] INFO   [326252]: 1115ms SPX_TRACE_ERROR: AZ_LOG_ERROR:  tlsio_openssl.c:1272 could not read file /home/qiushuo/src/test-speech-sdk-crl-partition/tmp_crl_cache/ec1457bb.crl.0
14:28:01 [Orchestrator] INFO   [326252]: 1115ms SPX_TRACE_ERROR: AZ_LOG_ERROR:  tlsio_openssl.c:1272 could not read file /home/qiushuo/src/test-speech-sdk-crl-partition/tmp_crl_cache/ec1457bb.crl.1
14:28:01 [Orchestrator] INFO   [326252]: 1115ms SPX_TRACE_ERROR: AZ_LOG_ERROR:  tlsio_openssl.c:1272 could not read file /home/qiushuo/src/test-speech-sdk-crl-partition/tmp_crl_cache/ec1457bb.crl.2
14:28:01 [Orchestrator] INFO   [326252]: 1115ms SPX_TRACE_ERROR: AZ_LOG_ERROR:  tlsio_openssl.c:1272 could not read file /home/qiushuo/src/test-speech-sdk-crl-partition/tmp_crl_cache/ec1457bb.crl.3
14:28:01 [Orchestrator] INFO   [326252]: 1115ms SPX_TRACE_ERROR: AZ_LOG_ERROR:  tlsio_openssl.c:1272 could not read file /home/qiushuo/src/test-speech-sdk-crl-partition/tmp_crl_cache/ec1457bb.crl.4
14:28:01 [Orchestrator] INFO   [326252]: 1115ms SPX_TRACE_ERROR: AZ_LOG_ERROR:  tlsio_openssl.c:1272 could not read file /home/qiushuo/src/test-speech-sdk-crl-partition/tmp_crl_cache/ec1457bb.crl.5
14:28:01 [Orchestrator] INFO   [326252]: 1115ms SPX_TRACE_ERROR: AZ_LOG_ERROR:  tlsio_openssl.c:1272 could not read file /home/qiushuo/src/test-speech-sdk-crl-partition/tmp_crl_cache/ec1457bb.crl.6
14:28:01 [Orchestrator] INFO   [326252]: 1115ms SPX_TRACE_ERROR: AZ_LOG_ERROR:  tlsio_openssl.c:1272 could not read file /home/qiushuo/src/test-speech-sdk-crl-partition/tmp_crl_cache/ec1457bb.crl.7
14:28:01 [Orchestrator] INFO   [326252]: 1115ms SPX_TRACE_ERROR: AZ_LOG_ERROR:  tlsio_openssl.c:1272 could not read file /home/qiushuo/src/test-speech-sdk-crl-partition/tmp_crl_cache/ec1457bb.crl.8
14:28:01 [Orchestrator] INFO   [326252]: 1115ms SPX_TRACE_ERROR: AZ_LOG_ERROR:  tlsio_openssl.c:1272 could not read file /home/qiushuo/src/test-speech-sdk-crl-partition/tmp_crl_cache/ec1457bb.crl.9
14:28:01 [Orchestrator] INFO   [326252]: 1116ms SPX_TRACE_ERROR: AZ_LOG_ERROR:  tlsio_openssl.c:1030 Error loading CRL from http://localhost:9000/crl/partition1.crl
14:28:01 [Orchestrator] INFO   [326252]: 1116ms SPX_TRACE_ERROR: AZ_LOG_ERROR:  tlsio_openssl.c:1624 Unable to retrieve CRL, CRL check may fail.
14:28:01 [Orchestrator] INFO   [326252]: 1116ms SPX_TRACE_ERROR: AZ_LOG_ERROR:  tlsio_openssl.c:691 error:10080002:BIO routines::system lib
14:28:01 [Orchestrator] INFO   [326252]: 1116ms SPX_TRACE_ERROR: AZ_LOG_ERROR:  tlsio_openssl.c:2464 FORCE-Closing tlsio instance.
14:28:01 [Orchestrator] INFO   [326252]: 1116ms SPX_TRACE_ERROR:  web_socket.cpp:902 WS open operation failed with result=1(WS_OPEN_ERROR_UNDERLYING_IO_OPEN_FAILED), code=2573[0x00000a0d], time=2026-05-19T06:27:52.3640091Z
14:28:01 [Orchestrator] INFO   [326252]: 1116ms SPX_TRACE_INFO:  usp_connection.cpp:932 TS:14, TransportError: connection:0xc01bfa0, code=5, string=Connection failed (no connection to the remote host). Internal error: 1. Error details: Failed with error: WS_OPEN_ERROR_UNDERLYING_IO_OPEN_FAILED
14:28:01 [Orchestrator] INFO   [326252]: 1116ms SPX_TRACE_ERROR:  usp_reco_engine_adapter.cpp:1997 Response: On Error: Code:5, Message: Connection failed (no connection to the remote host). Internal error: 1. Error details: Failed with error: WS_OPEN_ERROR_UNDERLYING_IO_OPEN_FAILED
14:28:01 [Orchestrator] INFO   [326252]: 1116ms SPX_DBG_TRACE_VERBOSE:  usp_reco_engine_adapter.cpp:3026 TryChangeState; audioState/uspState: 1/0 => 1/-1 USP-ERRORERROR
14:28:01 [Orchestrator] INFO   [326252]: 1116ms SPX_TRACE_ERROR:  usp_reco_engine_adapter.cpp:2011 OnError: site->Error() ... error='Connection failed (no connection to the remote host). Internal error: 1. Error details: Failed with error: WS_OPEN_ERROR_UNDERLYING_IO_OPEN_FAILED
14:28:01 [Orchestrator] INFO   [326252]: 1116ms SPX_DBG_TRACE_FUNCTION:  audio_stream_session.cpp:2707 Error
14:28:01 [Orchestrator] INFO   [326252]: 1116ms SPX_DBG_TRACE_FUNCTION:  recognition_result.cpp:119 InitErrorResult
14:28:01 [Orchestrator] INFO   [326252]: 1116ms SPX_DBG_TRACE_VERBOSE:  named_properties.h:479 ISpxPropertyBagImpl::SetStringValue: this=0x0x00736f0c06ea90; name='RESULT-ErrorDetails'; value='Connection failed (no connection to the remote host). Internal error: 1. Error details: Failed with error: WS_OPEN_ERROR_UNDERLYING_IO_OPEN_FAILED
14:28:01 [Orchestrator] INFO   [326252]: 1116ms SPX_DBG_TRACE_VERBOSE:  named_properties.h:479 ISpxNamedProperties::GetStringValue: this=0x0x00736f0c06ea90; name='RESULT-ErrorDetails'; value='Connection failed (no connection to the remote host). Internal error: 1. Error details: Failed with error: WS_OPEN_ERROR_UNDERLYING_IO_OPEN_FAILED
14:28:01 [Orchestrator] INFO   [326252]: 1116ms SPX_DBG_TRACE_VERBOSE:  named_properties.h:479 ISpxPropertyBagImpl::SetStringValue: this=0x0x00736f0c06ea90; name='RESULT-ErrorDetails'; value='Connection failed (no connection to the remote host). Internal error: 1. Error details: Failed with error: WS_OPEN_ERROR_UNDERLYING_IO_OPEN_FAILED
14:28:01 [Orchestrator] INFO   [410294]: 1116ms SPX_DBG_TRACE_VERBOSE:  named_properties.h:479 ISpxNamedProperties::GetStringValue: this=0x0x00736f0c06ea90; name='RESULT-ErrorDetails'; value='Connection failed (no connection to the remote host). Internal error: 1. Error details: Failed with error: WS_OPEN_ERROR_UNDERLYING_IO_OPEN_FAILED
14:28:01 [Orchestrator] INFO   [410294]: 1117ms SPX_DBG_TRACE_VERBOSE:  named_properties.h:479 ISpxNamedProperties::GetStringValue: this=0x0x00736f0c06ea90; name='RESULT-ErrorDetails'; value='Connection failed (no connection to the remote host). Internal error: 1. Error details: Failed with error: WS_OPEN_ERROR_UNDERLYING_IO_OPEN_FAILED
14:28:01 [Orchestrator] INFO   [410294]: 1117ms SPX_DBG_TRACE_VERBOSE:  named_properties.h:479 ISpxNamedProperties::GetStringValue: this=0x0x00736f0c06ea90; name='RESULT-ErrorDetails'; value='Connection failed (no connection to the remote host). Internal error: 1. Error details: Failed with error: WS_OPEN_ERROR_UNDERLYING_IO_OPEN_FAILED
14:28:01 [Orchestrator] INFO   [410294]: 1118ms SPX_DBG_TRACE_VERBOSE:  named_properties.h:479 ISpxNamedProperties::GetStringValue: this=0x0x00736f0c06ea90; name='RESULT-ErrorDetails'; value='Connection failed (no connection to the remote host). Internal error: 1. Error details: Failed with error: WS_OPEN_ERROR_UNDERLYING_IO_OPEN_FAILED
14:28:01 [Orchestrator] INFO CRL server status after initial attempt: {
  "requests": [
    {
      "time": 1779172071.307296,
      "partition": 1,
      "client": "127.0.0.1"
    },
    {
      "time": 1779172071.5719872,
      "partition": 1,
      "client": "127.0.0.1"
    },
    {
      "time": 1779172071.8359513,
      "partition": 1,
      "client": "127.0.0.1"
    },
    {
      "time": 1779172072.0993197,
      "partition": 1,
      "client": "127.0.0.1"
    },
    {
      "time": 1779172072.3635116,
      "partition": 1,
      "client": "127.0.0.1"
    }
  ],
  "blocked_partitions": [],
  "delayed_partitions": {},
  "total_requests": 5
}
14:28:01 [Orchestrator] INFO 
14:28:01 [Orchestrator] INFO ######################################################################
14:28:01 [Orchestrator] INFO # PHASE 2: Rotate Certificate To Partition2
14:28:01 [Orchestrator] INFO ######################################################################
14:28:01 [Orchestrator] INFO 
14:28:01 [Orchestrator] INFO Speech server starting (PID 175239, partition2)...
14:28:02 [Orchestrator] INFO Speech server ready on port 8443 (partition2)
14:28:03 [Orchestrator] INFO Server restarted with partition2 certificate ✓
14:28:03 [Orchestrator] INFO 
14:28:03 [Orchestrator] INFO ######################################################################
14:28:03 [Orchestrator] INFO # PHASE 3: Block Old CRL Partition1
14:28:03 [Orchestrator] INFO ######################################################################
14:28:03 [Orchestrator] INFO 
14:28:03 [Orchestrator] WARNING Blocked CRL partition1 → will return 404
14:28:03 [Orchestrator] INFO CRL server status after block: {
  "requests": [
    {
      "time": 1779172071.307296,
      "partition": 1,
      "client": "127.0.0.1"
    },
    {
      "time": 1779172071.5719872,
      "partition": 1,
      "client": "127.0.0.1"
    },
    {
      "time": 1779172071.8359513,
      "partition": 1,
      "client": "127.0.0.1"
    },
    {
      "time": 1779172072.0993197,
      "partition": 1,
      "client": "127.0.0.1"
    },
    {
      "time": 1779172072.3635116,
      "partition": 1,
      "client": "127.0.0.1"
    }
  ],
  "blocked_partitions": [
    1
  ],
  "delayed_partitions": {},
  "total_requests": 5
}
14:28:03 [Orchestrator] INFO 
14:28:03 [Orchestrator] INFO ######################################################################
14:28:03 [Orchestrator] INFO # PHASE 4: Reproduce SDK/OpenSSL Failure With CRL Checking Enabled
14:28:03 [Orchestrator] INFO ######################################################################
14:28:03 [Orchestrator] INFO 
14:28:03 [Orchestrator] INFO SSL_CERT_FILE = /home/qiushuo/src/test-speech-sdk-crl-partition/certs/ca-cert.pem
14:28:03 [Orchestrator] INFO TMPDIR = /home/qiushuo/src/test-speech-sdk-crl-partition/tmp_crl_cache (CRL cache location)
14:28:03 [Orchestrator] INFO Cache contents before connection: []
14:28:03 [Orchestrator] INFO Speech SDK version: 1.40.0
14:28:03 [Orchestrator] INFO Connecting to: wss://localhost:8443
14:28:03 [Orchestrator] INFO   SDK native log file: /home/qiushuo/src/test-speech-sdk-crl-partition/reports/logs/sdk-native-after-rotation-crl-enabled.log
14:28:03 [Orchestrator] INFO Starting connection attempt...
14:28:13 [Orchestrator] ERROR   Connection timed out after 10.0s
14:28:13 [Orchestrator] INFO SDK native log: /home/qiushuo/src/test-speech-sdk-crl-partition/reports/logs/sdk-native-after-rotation-crl-enabled.log (131005 bytes)
14:28:13 [Orchestrator] INFO SDK native log interesting lines (last 40):
14:28:13 [Orchestrator] INFO   [410294]: 12590ms SPX_TRACE_ERROR: AZ_LOG_ERROR:  tlsio_openssl.c:1030 Error loading CRL from http://localhost:9000/crl/partition2.crl
14:28:13 [Orchestrator] INFO   [410294]: 12590ms SPX_TRACE_ERROR: AZ_LOG_ERROR:  tlsio_openssl.c:1624 Unable to retrieve CRL, CRL check may fail.
14:28:13 [Orchestrator] INFO   [410294]: 12590ms SPX_TRACE_ERROR: AZ_LOG_ERROR:  tlsio_openssl.c:691 error:10080002:BIO routines::system lib
14:28:13 [Orchestrator] INFO   [410294]: 12590ms SPX_TRACE_ERROR: AZ_LOG_ERROR:  tlsio_openssl.c:2464 FORCE-Closing tlsio instance.
14:28:13 [Orchestrator] INFO   [410294]: 12590ms SPX_TRACE_ERROR:  web_socket.cpp:902 WS open operation failed with result=1(WS_OPEN_ERROR_UNDERLYING_IO_OPEN_FAILED), code=2573[0x00000a0d], time=2026-05-19T06:28:03.8386789Z
14:28:13 [Orchestrator] INFO   [410294]: 12590ms SPX_TRACE_INFO:  usp_connection.cpp:932 TS:16, TransportError: connection:0x4028b30, code=5, string=Connection failed (no connection to the remote host). Internal error: 1. Error details: Failed with error: WS_OPEN_ERROR_UNDERLYING_IO_OPEN_FAILED
14:28:13 [Orchestrator] INFO   [410294]: 12590ms SPX_TRACE_ERROR:  usp_reco_engine_adapter.cpp:1997 Response: On Error: Code:5, Message: Connection failed (no connection to the remote host). Internal error: 1. Error details: Failed with error: WS_OPEN_ERROR_UNDERLYING_IO_OPEN_FAILED
14:28:13 [Orchestrator] INFO   [410294]: 12590ms SPX_DBG_TRACE_VERBOSE:  usp_reco_engine_adapter.cpp:3026 TryChangeState; audioState/uspState: 1/0 => 1/-1 USP-ERRORERROR
14:28:13 [Orchestrator] INFO   [410294]: 12590ms SPX_TRACE_ERROR:  usp_reco_engine_adapter.cpp:2011 OnError: site->Error() ... error='Connection failed (no connection to the remote host). Internal error: 1. Error details: Failed with error: WS_OPEN_ERROR_UNDERLYING_IO_OPEN_FAILED
14:28:13 [Orchestrator] INFO   [410294]: 12842ms SPX_TRACE_INFO: AZ_LOG_INFO:  tlsio_openssl.c:2027 create_openssl_instance by TLS_method.
14:28:13 [Orchestrator] INFO   [410294]: 12843ms SPX_TRACE_INFO: AZ_LOG_INFO:  tlsio_openssl.c:1849 load_system_store not implemented on this platform
14:28:13 [Orchestrator] INFO   [410294]: 12843ms SPX_TRACE_INFO: AZ_LOG_INFO:  tlsio_openssl.c:1882 CRL check enabled.
14:28:13 [Orchestrator] INFO   [410294]: 12855ms SPX_TRACE_ERROR: AZ_LOG_ERROR:  tlsio_openssl.c:1272 could not read file /home/qiushuo/src/test-speech-sdk-crl-partition/tmp_crl_cache/ec1457bb.crl.0
14:28:13 [Orchestrator] INFO   [410294]: 12855ms SPX_TRACE_ERROR: AZ_LOG_ERROR:  tlsio_openssl.c:1272 could not read file /home/qiushuo/src/test-speech-sdk-crl-partition/tmp_crl_cache/ec1457bb.crl.1
14:28:13 [Orchestrator] INFO   [410294]: 12855ms SPX_TRACE_ERROR: AZ_LOG_ERROR:  tlsio_openssl.c:1272 could not read file /home/qiushuo/src/test-speech-sdk-crl-partition/tmp_crl_cache/ec1457bb.crl.2
14:28:13 [Orchestrator] INFO   [410294]: 12855ms SPX_TRACE_ERROR: AZ_LOG_ERROR:  tlsio_openssl.c:1272 could not read file /home/qiushuo/src/test-speech-sdk-crl-partition/tmp_crl_cache/ec1457bb.crl.3
14:28:13 [Orchestrator] INFO   [410294]: 12855ms SPX_TRACE_ERROR: AZ_LOG_ERROR:  tlsio_openssl.c:1272 could not read file /home/qiushuo/src/test-speech-sdk-crl-partition/tmp_crl_cache/ec1457bb.crl.4
14:28:13 [Orchestrator] INFO   [410294]: 12855ms SPX_TRACE_ERROR: AZ_LOG_ERROR:  tlsio_openssl.c:1272 could not read file /home/qiushuo/src/test-speech-sdk-crl-partition/tmp_crl_cache/ec1457bb.crl.5
14:28:13 [Orchestrator] INFO   [410294]: 12855ms SPX_TRACE_ERROR: AZ_LOG_ERROR:  tlsio_openssl.c:1272 could not read file /home/qiushuo/src/test-speech-sdk-crl-partition/tmp_crl_cache/ec1457bb.crl.6
14:28:13 [Orchestrator] INFO   [410294]: 12855ms SPX_TRACE_ERROR: AZ_LOG_ERROR:  tlsio_openssl.c:1272 could not read file /home/qiushuo/src/test-speech-sdk-crl-partition/tmp_crl_cache/ec1457bb.crl.7
14:28:13 [Orchestrator] INFO   [410294]: 12855ms SPX_TRACE_ERROR: AZ_LOG_ERROR:  tlsio_openssl.c:1272 could not read file /home/qiushuo/src/test-speech-sdk-crl-partition/tmp_crl_cache/ec1457bb.crl.8
14:28:13 [Orchestrator] INFO   [410294]: 12855ms SPX_TRACE_ERROR: AZ_LOG_ERROR:  tlsio_openssl.c:1272 could not read file /home/qiushuo/src/test-speech-sdk-crl-partition/tmp_crl_cache/ec1457bb.crl.9
14:28:13 [Orchestrator] INFO   [410294]: 12857ms SPX_TRACE_ERROR: AZ_LOG_ERROR:  tlsio_openssl.c:1030 Error loading CRL from http://localhost:9000/crl/partition2.crl
14:28:13 [Orchestrator] INFO   [410294]: 12857ms SPX_TRACE_ERROR: AZ_LOG_ERROR:  tlsio_openssl.c:1624 Unable to retrieve CRL, CRL check may fail.
14:28:13 [Orchestrator] INFO   [410294]: 12857ms SPX_TRACE_ERROR: AZ_LOG_ERROR:  tlsio_openssl.c:691 error:10080002:BIO routines::system lib
14:28:13 [Orchestrator] INFO   [410294]: 12857ms SPX_TRACE_ERROR: AZ_LOG_ERROR:  tlsio_openssl.c:2464 FORCE-Closing tlsio instance.
14:28:13 [Orchestrator] INFO   [410294]: 12858ms SPX_TRACE_ERROR:  web_socket.cpp:902 WS open operation failed with result=1(WS_OPEN_ERROR_UNDERLYING_IO_OPEN_FAILED), code=2573[0x00000a0d], time=2026-05-19T06:28:04.1057868Z
14:28:13 [Orchestrator] INFO   [410294]: 12858ms SPX_TRACE_INFO:  usp_connection.cpp:932 TS:16, TransportError: connection:0x4024340, code=5, string=Connection failed (no connection to the remote host). Internal error: 1. Error details: Failed with error: WS_OPEN_ERROR_UNDERLYING_IO_OPEN_FAILED
14:28:13 [Orchestrator] INFO   [410294]: 12858ms SPX_TRACE_ERROR:  usp_reco_engine_adapter.cpp:1997 Response: On Error: Code:5, Message: Connection failed (no connection to the remote host). Internal error: 1. Error details: Failed with error: WS_OPEN_ERROR_UNDERLYING_IO_OPEN_FAILED
14:28:13 [Orchestrator] INFO   [410294]: 12858ms SPX_DBG_TRACE_VERBOSE:  usp_reco_engine_adapter.cpp:3026 TryChangeState; audioState/uspState: 1/0 => 1/-1 USP-ERRORERROR
14:28:13 [Orchestrator] INFO   [410294]: 12858ms SPX_TRACE_ERROR:  usp_reco_engine_adapter.cpp:2011 OnError: site->Error() ... error='Connection failed (no connection to the remote host). Internal error: 1. Error details: Failed with error: WS_OPEN_ERROR_UNDERLYING_IO_OPEN_FAILED
14:28:13 [Orchestrator] INFO   [410294]: 12858ms SPX_DBG_TRACE_FUNCTION:  audio_stream_session.cpp:2707 Error
14:28:13 [Orchestrator] INFO   [410294]: 12858ms SPX_DBG_TRACE_FUNCTION:  recognition_result.cpp:119 InitErrorResult
14:28:13 [Orchestrator] INFO   [410294]: 12858ms SPX_DBG_TRACE_VERBOSE:  named_properties.h:479 ISpxPropertyBagImpl::SetStringValue: this=0x0x00736f04044160; name='RESULT-ErrorDetails'; value='Connection failed (no connection to the remote host). Internal error: 1. Error details: Failed with error: WS_OPEN_ERROR_UNDERLYING_IO_OPEN_FAILED
14:28:13 [Orchestrator] INFO   [410294]: 12858ms SPX_DBG_TRACE_VERBOSE:  named_properties.h:479 ISpxNamedProperties::GetStringValue: this=0x0x00736f04044160; name='RESULT-ErrorDetails'; value='Connection failed (no connection to the remote host). Internal error: 1. Error details: Failed with error: WS_OPEN_ERROR_UNDERLYING_IO_OPEN_FAILED
14:28:13 [Orchestrator] INFO   [410294]: 12858ms SPX_DBG_TRACE_VERBOSE:  named_properties.h:479 ISpxPropertyBagImpl::SetStringValue: this=0x0x00736f04044160; name='RESULT-ErrorDetails'; value='Connection failed (no connection to the remote host). Internal error: 1. Error details: Failed with error: WS_OPEN_ERROR_UNDERLYING_IO_OPEN_FAILED
14:28:13 [Orchestrator] INFO   [521557]: 12859ms SPX_DBG_TRACE_VERBOSE:  named_properties.h:479 ISpxNamedProperties::GetStringValue: this=0x0x00736f04044160; name='RESULT-ErrorDetails'; value='Connection failed (no connection to the remote host). Internal error: 1. Error details: Failed with error: WS_OPEN_ERROR_UNDERLYING_IO_OPEN_FAILED
14:28:13 [Orchestrator] INFO   [521557]: 12860ms SPX_DBG_TRACE_VERBOSE:  named_properties.h:479 ISpxNamedProperties::GetStringValue: this=0x0x00736f04044160; name='RESULT-ErrorDetails'; value='Connection failed (no connection to the remote host). Internal error: 1. Error details: Failed with error: WS_OPEN_ERROR_UNDERLYING_IO_OPEN_FAILED
14:28:13 [Orchestrator] INFO   [521557]: 12861ms SPX_DBG_TRACE_VERBOSE:  named_properties.h:479 ISpxNamedProperties::GetStringValue: this=0x0x00736f04044160; name='RESULT-ErrorDetails'; value='Connection failed (no connection to the remote host). Internal error: 1. Error details: Failed with error: WS_OPEN_ERROR_UNDERLYING_IO_OPEN_FAILED
14:28:13 [Orchestrator] INFO   [521557]: 12861ms SPX_DBG_TRACE_VERBOSE:  named_properties.h:479 ISpxNamedProperties::GetStringValue: this=0x0x00736f04044160; name='RESULT-ErrorDetails'; value='Connection failed (no connection to the remote host). Internal error: 1. Error details: Failed with error: WS_OPEN_ERROR_UNDERLYING_IO_OPEN_FAILED
14:28:13 [Orchestrator] INFO CRL server status after failure attempt: {
  "requests": [
    {
      "time": 1779172071.307296,
      "partition": 1,
      "client": "127.0.0.1"
    },
    {
      "time": 1779172071.5719872,
      "partition": 1,
      "client": "127.0.0.1"
    },
    {
      "time": 1779172071.8359513,
      "partition": 1,
      "client": "127.0.0.1"
    },
    {
      "time": 1779172072.0993197,
      "partition": 1,
      "client": "127.0.0.1"
    },
    {
      "time": 1779172072.3635116,
      "partition": 1,
      "client": "127.0.0.1"
    },
    {
      "time": 1779172083.0379221,
      "partition": 2,
      "client": "127.0.0.1"
    },
    {
      "time": 1779172083.3036556,
      "partition": 2,
      "client": "127.0.0.1"
    },
    {
      "time": 1779172083.569883,
      "partition": 2,
      "client": "127.0.0.1"
    },
    {
      "time": 1779172083.837838,
      "partition": 2,
      "client": "127.0.0.1"
    },
    {
      "time": 1779172084.1047976,
      "partition": 2,
      "client": "127.0.0.1"
    }
  ],
  "blocked_partitions": [
    1
  ],
  "delayed_partitions": {},
  "total_requests": 10
}
14:28:13 [Orchestrator] INFO 
14:28:13 [Orchestrator] INFO ######################################################################
14:28:13 [Orchestrator] INFO # PHASE 5: Disable CRL Checking And Try Again
14:28:13 [Orchestrator] INFO ######################################################################
14:28:13 [Orchestrator] INFO 
14:28:13 [Orchestrator] INFO Applying Microsoft Learn workaround: OPENSSL_DISABLE_CRL_CHECK=true
14:28:13 [Orchestrator] INFO SSL_CERT_FILE = /home/qiushuo/src/test-speech-sdk-crl-partition/certs/ca-cert.pem
14:28:13 [Orchestrator] INFO TMPDIR = /home/qiushuo/src/test-speech-sdk-crl-partition/tmp_crl_cache (CRL cache location)
14:28:13 [Orchestrator] INFO Cache contents before connection: []
14:28:13 [Orchestrator] INFO Speech SDK version: 1.40.0
14:28:13 [Orchestrator] INFO Connecting to: wss://localhost:8443
14:28:13 [Orchestrator] INFO   SDK native log file: /home/qiushuo/src/test-speech-sdk-crl-partition/reports/logs/sdk-native-after-rotation-crl-disabled.log
14:28:13 [Orchestrator] INFO   CRL check: DISABLED
14:28:13 [Orchestrator] INFO Starting connection attempt...
14:28:13 [Orchestrator] INFO   ✓ Connected! (event: ConnectionEventArgs(session_id=c7ab8aa664dd4563952488e7e7a7231f))
14:28:13 [Orchestrator] INFO   Connection successful in 0.10s
14:28:13 [Orchestrator] INFO SDK native log: /home/qiushuo/src/test-speech-sdk-crl-partition/reports/logs/sdk-native-after-rotation-crl-disabled.log (44568 bytes)
14:28:13 [Orchestrator] INFO SDK native log interesting lines (last 40):
14:28:13 [Orchestrator] INFO   [521557]: 21794ms SPX_DBG_TRACE_VERBOSE:  named_properties.h:479 ISpxNamedProperties::GetStringValue: this=0x0x00736f08001798; name='OPENSSL_DISABLE_CRL_CHECK'; value='true'
14:28:13 [Orchestrator] INFO   [521557]: 21794ms SPX_TRACE_INFO: AZ_LOG_INFO:  tlsio_openssl.c:2027 create_openssl_instance by TLS_method.
14:28:13 [Orchestrator] INFO   [521557]: 21795ms SPX_TRACE_INFO: AZ_LOG_INFO:  tlsio_openssl.c:1849 load_system_store not implemented on this platform
14:28:13 [Orchestrator] INFO   [521557]: 21795ms SPX_TRACE_INFO: AZ_LOG_INFO:  tlsio_openssl.c:1878 CRL check off, as requested.
14:28:13 [Orchestrator] INFO CRL server status after disable-CRL attempt: {
  "requests": [
    {
      "time": 1779172071.307296,
      "partition": 1,
      "client": "127.0.0.1"
    },
    {
      "time": 1779172071.5719872,
      "partition": 1,
      "client": "127.0.0.1"
    },
    {
      "time": 1779172071.8359513,
      "partition": 1,
      "client": "127.0.0.1"
    },
    {
      "time": 1779172072.0993197,
      "partition": 1,
      "client": "127.0.0.1"
    },
    {
      "time": 1779172072.3635116,
      "partition": 1,
      "client": "127.0.0.1"
    },
    {
      "time": 1779172083.0379221,
      "partition": 2,
      "client": "127.0.0.1"
    },
    {
      "time": 1779172083.3036556,
      "partition": 2,
      "client": "127.0.0.1"
    },
    {
      "time": 1779172083.569883,
      "partition": 2,
      "client": "127.0.0.1"
    },
    {
      "time": 1779172083.837838,
      "partition": 2,
      "client": "127.0.0.1"
    },
    {
      "time": 1779172084.1047976,
      "partition": 2,
      "client": "127.0.0.1"
    }
  ],
  "blocked_partitions": [
    1
  ],
  "delayed_partitions": {},
  "total_requests": 10
}
14:28:13 [Orchestrator] INFO 
14:28:13 [Orchestrator] INFO ######################################################################
14:28:13 [Orchestrator] INFO # SUMMARY
14:28:13 [Orchestrator] INFO ######################################################################
14:28:13 [Orchestrator] INFO 
14:28:13 [Orchestrator] INFO initial_crl_enabled: status=timeout elapsed=10.0 sdk_log=/home/qiushuo/src/test-speech-sdk-crl-partition/reports/logs/sdk-native-initial-crl-enabled.log
14:28:13 [Orchestrator] INFO after_rotation_crl_enabled: status=timeout elapsed=10.0 sdk_log=/home/qiushuo/src/test-speech-sdk-crl-partition/reports/logs/sdk-native-after-rotation-crl-enabled.log
14:28:13 [Orchestrator] INFO after_rotation_crl_disabled: status=connected elapsed=0.10096240043640137 sdk_log=/home/qiushuo/src/test-speech-sdk-crl-partition/reports/logs/sdk-native-after-rotation-crl-disabled.log
14:28:13 [Orchestrator] INFO ✓ Reproduced SDK/OpenSSL failure with CRL checking enabled and recovered with OPENSSL_DISABLE_CRL_CHECK=true
14:28:13 [Orchestrator] INFO 
Cleaning up processes...
14:28:13 [Orchestrator] INFO Done.
