10:01:31 [Orchestrator] INFO 
10:01:31 [Orchestrator] INFO ######################################################################
10:01:31 [Orchestrator] INFO # PHASE 0: Precondition Check
10:01:31 [Orchestrator] INFO ######################################################################
10:01:31 [Orchestrator] INFO 
10:01:31 [Orchestrator] INFO All PKI artifacts present ✓
10:01:31 [Orchestrator] INFO Cleared CRL cache: /home/qiushuo/src/test-speech-sdk-crl-partition/tmp_crl_cache
10:01:31 [Orchestrator] INFO CRL server starting (PID 360122)...
10:01:32 [Orchestrator] INFO CRL server ready on port 9000
10:01:32 [Orchestrator] INFO Speech server starting (PID 360142, partition1)...
10:01:32 [Orchestrator] INFO Speech server ready on port 8443 (partition1)
10:01:33 [Orchestrator] INFO 
10:01:33 [Orchestrator] INFO ######################################################################
10:01:33 [Orchestrator] INFO # PHASE 1: SDK Initial Connection With CRL Checking Enabled
10:01:33 [Orchestrator] INFO ######################################################################
10:01:33 [Orchestrator] INFO 
10:01:33 [Orchestrator] INFO SSL_CERT_FILE = /home/qiushuo/src/test-speech-sdk-crl-partition/certs/ca-cert.pem
10:01:33 [Orchestrator] INFO TMPDIR = /home/qiushuo/src/test-speech-sdk-crl-partition/tmp_crl_cache (CRL cache location)
10:01:33 [Orchestrator] INFO Cache contents before connection: []
10:01:33 [Orchestrator] INFO Speech SDK version: 1.40.0
10:01:33 [Orchestrator] INFO Connecting to: wss://localhost:8443
10:01:33 [Orchestrator] INFO   SDK native log file: /home/qiushuo/src/test-speech-sdk-crl-partition/reports/logs/sdk-native-initial-crl-enabled.log
10:01:33 [Orchestrator] INFO Starting connection attempt...
10:01:33 [Orchestrator] INFO   ✓ Connected! (event: ConnectionEventArgs(session_id=f7eac715830440db82dc465caf0cfcc7))
10:01:33 [Orchestrator] INFO   Connection successful in 0.10s
10:01:33 [Orchestrator] INFO SDK native log: /home/qiushuo/src/test-speech-sdk-crl-partition/reports/logs/sdk-native-initial-crl-enabled.log (44875 bytes)
10:01:33 [Orchestrator] INFO SDK native log interesting lines (last 40):
10:01:33 [Orchestrator] INFO   [826782]: 27ms SPX_TRACE_INFO: AZ_LOG_INFO:  tlsio_openssl.c:2027 create_openssl_instance by TLS_method.
10:01:33 [Orchestrator] INFO   [826782]: 28ms SPX_TRACE_INFO: AZ_LOG_INFO:  tlsio_openssl.c:1849 load_system_store not implemented on this platform
10:01:33 [Orchestrator] INFO   [826782]: 28ms SPX_TRACE_INFO: AZ_LOG_INFO:  tlsio_openssl.c:1882 CRL check enabled.
10:01:33 [Orchestrator] INFO   [826782]: 41ms SPX_TRACE_ERROR: AZ_LOG_ERROR:  tlsio_openssl.c:1272 could not read file /home/qiushuo/src/test-speech-sdk-crl-partition/tmp_crl_cache/ec1457bb.crl.0
10:01:33 [Orchestrator] INFO   [826782]: 41ms SPX_TRACE_ERROR: AZ_LOG_ERROR:  tlsio_openssl.c:1272 could not read file /home/qiushuo/src/test-speech-sdk-crl-partition/tmp_crl_cache/ec1457bb.crl.1
10:01:33 [Orchestrator] INFO   [826782]: 41ms SPX_TRACE_ERROR: AZ_LOG_ERROR:  tlsio_openssl.c:1272 could not read file /home/qiushuo/src/test-speech-sdk-crl-partition/tmp_crl_cache/ec1457bb.crl.2
10:01:33 [Orchestrator] INFO   [826782]: 41ms SPX_TRACE_ERROR: AZ_LOG_ERROR:  tlsio_openssl.c:1272 could not read file /home/qiushuo/src/test-speech-sdk-crl-partition/tmp_crl_cache/ec1457bb.crl.3
10:01:33 [Orchestrator] INFO   [826782]: 41ms SPX_TRACE_ERROR: AZ_LOG_ERROR:  tlsio_openssl.c:1272 could not read file /home/qiushuo/src/test-speech-sdk-crl-partition/tmp_crl_cache/ec1457bb.crl.4
10:01:33 [Orchestrator] INFO   [826782]: 41ms SPX_TRACE_ERROR: AZ_LOG_ERROR:  tlsio_openssl.c:1272 could not read file /home/qiushuo/src/test-speech-sdk-crl-partition/tmp_crl_cache/ec1457bb.crl.5
10:01:33 [Orchestrator] INFO   [826782]: 41ms SPX_TRACE_ERROR: AZ_LOG_ERROR:  tlsio_openssl.c:1272 could not read file /home/qiushuo/src/test-speech-sdk-crl-partition/tmp_crl_cache/ec1457bb.crl.6
10:01:33 [Orchestrator] INFO   [826782]: 41ms SPX_TRACE_ERROR: AZ_LOG_ERROR:  tlsio_openssl.c:1272 could not read file /home/qiushuo/src/test-speech-sdk-crl-partition/tmp_crl_cache/ec1457bb.crl.7
10:01:33 [Orchestrator] INFO   [826782]: 41ms SPX_TRACE_ERROR: AZ_LOG_ERROR:  tlsio_openssl.c:1272 could not read file /home/qiushuo/src/test-speech-sdk-crl-partition/tmp_crl_cache/ec1457bb.crl.8
10:01:33 [Orchestrator] INFO   [826782]: 41ms SPX_TRACE_ERROR: AZ_LOG_ERROR:  tlsio_openssl.c:1272 could not read file /home/qiushuo/src/test-speech-sdk-crl-partition/tmp_crl_cache/ec1457bb.crl.9
10:01:33 [Orchestrator] INFO CRL server status after initial attempt: {
  "requests": [
    {
      "time": 1779242493.3956823,
      "partition": 1,
      "client": "127.0.0.1"
    }
  ],
  "blocked_partitions": [],
  "delayed_partitions": {},
  "total_requests": 1
}
10:01:33 [Orchestrator] INFO 
10:01:33 [Orchestrator] INFO ######################################################################
10:01:33 [Orchestrator] INFO # PHASE 2: Rotate Certificate To Partition2
10:01:33 [Orchestrator] INFO ######################################################################
10:01:33 [Orchestrator] INFO 
10:01:34 [Orchestrator] INFO Speech server starting (PID 360220, partition2)...
10:01:34 [Orchestrator] INFO Speech server ready on port 8443 (partition2)
10:01:35 [Orchestrator] INFO Server restarted with partition2 certificate ✓
10:01:35 [Orchestrator] INFO 
10:01:35 [Orchestrator] INFO ######################################################################
10:01:35 [Orchestrator] INFO # PHASE 3: Block Old CRL Partition1
10:01:35 [Orchestrator] INFO ######################################################################
10:01:35 [Orchestrator] INFO 
10:01:35 [Orchestrator] WARNING Blocked CRL partition1 → will return 404
10:01:35 [Orchestrator] INFO CRL server status after block: {
  "requests": [
    {
      "time": 1779242493.3956823,
      "partition": 1,
      "client": "127.0.0.1"
    }
  ],
  "blocked_partitions": [
    1
  ],
  "delayed_partitions": {},
  "total_requests": 1
}
10:01:35 [Orchestrator] INFO 
10:01:35 [Orchestrator] INFO ######################################################################
10:01:35 [Orchestrator] INFO # PHASE 4: Reproduce SDK/OpenSSL Failure With CRL Checking Enabled
10:01:35 [Orchestrator] INFO ######################################################################
10:01:35 [Orchestrator] INFO 
10:01:35 [Orchestrator] INFO SSL_CERT_FILE = /home/qiushuo/src/test-speech-sdk-crl-partition/certs/ca-cert.pem
10:01:35 [Orchestrator] INFO TMPDIR = /home/qiushuo/src/test-speech-sdk-crl-partition/tmp_crl_cache (CRL cache location)
10:01:35 [Orchestrator] INFO Cache contents before connection: [PosixPath('/home/qiushuo/src/test-speech-sdk-crl-partition/tmp_crl_cache/ec1457bb.crl.0')]
10:01:35 [Orchestrator] INFO Speech SDK version: 1.40.0
10:01:35 [Orchestrator] INFO Connecting to: wss://localhost:8443
10:01:35 [Orchestrator] INFO   SDK native log file: /home/qiushuo/src/test-speech-sdk-crl-partition/reports/logs/sdk-native-after-rotation-crl-enabled.log
10:01:35 [Orchestrator] INFO Starting connection attempt...
10:01:35 [Orchestrator] INFO   ✓ Connected! (event: ConnectionEventArgs(session_id=8d6ea7d330a444b789ad27ccb1c47d57))
10:01:35 [Orchestrator] INFO   Connection successful in 0.10s
10:01:35 [Orchestrator] INFO SDK native log: /home/qiushuo/src/test-speech-sdk-crl-partition/reports/logs/sdk-native-after-rotation-crl-enabled.log (43697 bytes)
10:01:35 [Orchestrator] INFO SDK native log interesting lines (last 40):
10:01:35 [Orchestrator] INFO   [525545]: 1879ms SPX_TRACE_INFO: AZ_LOG_INFO:  tlsio_openssl.c:2027 create_openssl_instance by TLS_method.
10:01:35 [Orchestrator] INFO   [525545]: 1881ms SPX_TRACE_INFO: AZ_LOG_INFO:  tlsio_openssl.c:1849 load_system_store not implemented on this platform
10:01:35 [Orchestrator] INFO   [525545]: 1881ms SPX_TRACE_INFO: AZ_LOG_INFO:  tlsio_openssl.c:1882 CRL check enabled.
10:01:35 [Orchestrator] INFO CRL server status after failure attempt: {
  "requests": [
    {
      "time": 1779242493.3956823,
      "partition": 1,
      "client": "127.0.0.1"
    }
  ],
  "blocked_partitions": [
    1
  ],
  "delayed_partitions": {},
  "total_requests": 1
}
10:01:35 [Orchestrator] INFO 
10:01:35 [Orchestrator] INFO ######################################################################
10:01:35 [Orchestrator] INFO # PHASE 5: Disable CRL Checking And Try Again
10:01:35 [Orchestrator] INFO ######################################################################
10:01:35 [Orchestrator] INFO 
10:01:35 [Orchestrator] INFO Applying Microsoft Learn workaround: OPENSSL_DISABLE_CRL_CHECK=true
10:01:35 [Orchestrator] INFO SSL_CERT_FILE = /home/qiushuo/src/test-speech-sdk-crl-partition/certs/ca-cert.pem
10:01:35 [Orchestrator] INFO TMPDIR = /home/qiushuo/src/test-speech-sdk-crl-partition/tmp_crl_cache (CRL cache location)
10:01:35 [Orchestrator] INFO Cache contents before connection: [PosixPath('/home/qiushuo/src/test-speech-sdk-crl-partition/tmp_crl_cache/ec1457bb.crl.0')]
10:01:35 [Orchestrator] INFO Speech SDK version: 1.40.0
10:01:35 [Orchestrator] INFO Connecting to: wss://localhost:8443
10:01:35 [Orchestrator] INFO   SDK native log file: /home/qiushuo/src/test-speech-sdk-crl-partition/reports/logs/sdk-native-after-rotation-crl-disabled.log
10:01:35 [Orchestrator] INFO   CRL check: DISABLED
10:01:35 [Orchestrator] INFO Starting connection attempt...
10:01:35 [Orchestrator] INFO   ✓ Connected! (event: ConnectionEventArgs(session_id=92a0373e572c4d1c86efcc4b0d8e0e1a))
10:01:35 [Orchestrator] INFO   Connection successful in 0.10s
10:01:35 [Orchestrator] INFO SDK native log: /home/qiushuo/src/test-speech-sdk-crl-partition/reports/logs/sdk-native-after-rotation-crl-disabled.log (44159 bytes)
10:01:35 [Orchestrator] INFO SDK native log interesting lines (last 40):
10:01:35 [Orchestrator] INFO   [844848]: 2006ms SPX_DBG_TRACE_VERBOSE:  named_properties.h:479 ISpxNamedProperties::GetStringValue: this=0x0x0076603001b288; name='OPENSSL_DISABLE_CRL_CHECK'; value='true'
10:01:35 [Orchestrator] INFO   [844848]: 2006ms SPX_TRACE_INFO: AZ_LOG_INFO:  tlsio_openssl.c:2027 create_openssl_instance by TLS_method.
10:01:35 [Orchestrator] INFO   [844848]: 2006ms SPX_TRACE_INFO: AZ_LOG_INFO:  tlsio_openssl.c:1849 load_system_store not implemented on this platform
10:01:35 [Orchestrator] INFO   [844848]: 2006ms SPX_TRACE_INFO: AZ_LOG_INFO:  tlsio_openssl.c:1878 CRL check off, as requested.
10:01:35 [Orchestrator] INFO CRL server status after disable-CRL attempt: {
  "requests": [
    {
      "time": 1779242493.3956823,
      "partition": 1,
      "client": "127.0.0.1"
    }
  ],
  "blocked_partitions": [
    1
  ],
  "delayed_partitions": {},
  "total_requests": 1
}
10:01:35 [Orchestrator] INFO 
10:01:35 [Orchestrator] INFO ######################################################################
10:01:35 [Orchestrator] INFO # SUMMARY
10:01:35 [Orchestrator] INFO ######################################################################
10:01:35 [Orchestrator] INFO 
10:01:35 [Orchestrator] INFO initial_crl_enabled: status=connected elapsed=0.10160636901855469 sdk_log=/home/qiushuo/src/test-speech-sdk-crl-partition/reports/logs/sdk-native-initial-crl-enabled.log
10:01:35 [Orchestrator] INFO after_rotation_crl_enabled: status=connected elapsed=0.1019446849822998 sdk_log=/home/qiushuo/src/test-speech-sdk-crl-partition/reports/logs/sdk-native-after-rotation-crl-enabled.log
10:01:35 [Orchestrator] INFO after_rotation_crl_disabled: status=connected elapsed=0.10100936889648438 sdk_log=/home/qiushuo/src/test-speech-sdk-crl-partition/reports/logs/sdk-native-after-rotation-crl-disabled.log
10:01:35 [Orchestrator] INFO ✓ CRL checking enabled path connected; disable-CRL path also connected
10:01:35 [Orchestrator] INFO 
Cleaning up processes...
10:01:35 [Orchestrator] INFO Done.
